<?xml version="1.0" encoding="UTF-8"?>
<testng-results skipped="0" failed="0" total="2" passed="2">
  <reporter-output>
  </reporter-output>
  <suite name="Suite" duration-ms="45" started-at="2019-08-11T05:26:52Z" finished-at="2019-08-11T05:26:52Z">
    <groups>
      <group name="SmokeTest">
        <method signature="AddTestCase.addDepartmentTestCase()[pri:0, instance:entry.AddTestCase@402f32ff]" name="addDepartmentTestCase" class="entry.AddTestCase"/>
        <method signature="AddTestCase.addLocationTestCase()[pri:0, instance:entry.AddTestCase@402f32ff]" name="addLocationTestCase" class="entry.AddTestCase"/>
      </group> <!-- SmokeTest -->
      <group name="hjg">
        <method signature="AddTestCase.addDepartmentTestCase()[pri:0, instance:entry.AddTestCase@402f32ff]" name="addDepartmentTestCase" class="entry.AddTestCase"/>
      </group> <!-- hjg -->
    </groups>
    <test name="Test" duration-ms="45" started-at="2019-08-11T05:26:52Z" finished-at="2019-08-11T05:26:52Z">
      <class name="entry.AddTestCase">
        <test-method status="PASS" signature="addDepartmentTestCase()[pri:0, instance:entry.AddTestCase@402f32ff]" name="addDepartmentTestCase" duration-ms="12" started-at="2019-08-11T10:56:52Z" finished-at="2019-08-11T10:56:52Z">
          <reporter-output>
          </reporter-output>
        </test-method> <!-- addDepartmentTestCase -->
        <test-method status="PASS" signature="addLocationTestCase()[pri:0, instance:entry.AddTestCase@402f32ff]" name="addLocationTestCase" duration-ms="5" started-at="2019-08-11T10:56:52Z" finished-at="2019-08-11T10:56:52Z">
          <reporter-output>
          </reporter-output>
        </test-method> <!-- addLocationTestCase -->
      </class> <!-- entry.AddTestCase -->
    </test> <!-- Test -->
  </suite> <!-- Suite -->
</testng-results>
